<?xml version="1.0" encoding="UTF-8"?>
<testsuite xmlns:xsi="http://www.w3.org/2001/XMLSchema-instance" xsi:noNamespaceSchemaLocation="https://maven.apache.org/surefire/maven-surefire-plugin/xsd/surefire-test-report.xsd" name="TestCases" time="9.694" tests="20" errors="0" skipped="0" failures="17">
  <properties>
[...]
</properties>
  <testcase name="basicChecks" classname="TestCases" time="6.83"/>
  <testcase name="registerCollege" classname="TestCases" time="1.276"/>
  <testcase name="registerCollegeException" classname="TestCases" time="0.208">
    <failure message="Multiple Failures (1 failure)&#10;	org.opentest4j.AssertionFailedError: method is not throwing exception, even when we are passing null objects while adding an college ==&gt; Unexpected exception type thrown, expected: &lt;exceptions.CollegeException&gt; but was: &lt;java.lang.NullPointerException&gt;" type="org.opentest4j.MultipleFailuresError"><![CDATA[org.opentest4j.MultipleFailuresError: 
Multiple Failures (1 failure)
	org.opentest4j.AssertionFailedError: method is not throwing exception, even when we are passing null objects while adding an college ==> Unexpected exception type thrown, expected: <exceptions.CollegeException> but was: <java.lang.NullPointerException>
	at TestCases.registerCollegeException(TestCases.java:80)
]]></failure>
    <system-out><![CDATA[Hibernate: insert into College (collegeAddress, collegeName) values (?, ?)
]]></system-out>
  </testcase>
  <testcase name="getCollegeFromCollegeId" classname="TestCases" time="0.001">
    <failure message="Multiple Failures (1 failure)&#10;	org.opentest4j.AssertionFailedError: method is not finding the College by id correctly ==&gt; expected: &lt;3&gt; but was: &lt;1&gt;" type="org.opentest4j.MultipleFailuresError"><![CDATA[org.opentest4j.MultipleFailuresError: 
Multiple Failures (1 failure)
	org.opentest4j.AssertionFailedError: method is not finding the College by id correctly ==> expected: <3> but was: <1>
	at TestCases.getCollegeFromCollegeId(TestCases.java:95)
]]></failure>
    <system-out><![CDATA[Hibernate: insert into College (collegeAddress, collegeName) values (?, ?)
College: 1
College [collegeId=1, collegeName=C_V_Raman, collegeAddress=Khondagiri, students=null]
]]></system-out>
  </testcase>
  <testcase name="getCollegeFromCollegeIdException" classname="TestCases" time="0.001">
    <failure message="Multiple Failures (1 failure)&#10;	org.opentest4j.AssertionFailedError: method is not throwing Exception when unknown collegeId pass ==&gt; Expected exceptions.CollegeException to be thrown, but nothing was thrown." type="org.opentest4j.MultipleFailuresError">org.opentest4j.MultipleFailuresError: 
Multiple Failures (1 failure)
	org.opentest4j.AssertionFailedError: method is not throwing Exception when unknown collegeId pass ==> Expected exceptions.CollegeException to be thrown, but nothing was thrown.
	at TestCases.getCollegeFromCollegeIdException(TestCases.java:116)
</failure>
    <system-out><![CDATA[Hibernate: insert into College (collegeAddress, collegeName) values (?, ?)
College: 1
College [collegeId=1, collegeName=C_V_Raman, collegeAddress=Khondagiri, students=null]
College: 1
College [collegeId=1, collegeName=C_V_Raman, collegeAddress=Khondagiri, students=null]
]]></system-out>
  </testcase>
  <testcase name="getAllCollege" classname="TestCases" time="1.005">
    <failure message="Multiple Failures (1 failure)&#10;	java.lang.NullPointerException: Cannot invoke &quot;java.util.List.size()&quot; because &quot;colleges&quot; is null" type="org.opentest4j.MultipleFailuresError">org.opentest4j.MultipleFailuresError: 
Multiple Failures (1 failure)
	java.lang.NullPointerException: Cannot invoke "java.util.List.size()" because "colleges" is null
	at TestCases.getAllCollege(TestCases.java:143)
</failure>
    <system-out><![CDATA[Hibernate: delete from Student
Hibernate: delete from College
Hibernate: insert into College (collegeAddress, collegeName) values (?, ?)
Hibernate: insert into College (collegeAddress, collegeName) values (?, ?)
Hibernate: insert into College (collegeAddress, collegeName) values (?, ?)
Hibernate: select c1_0.collegeId,c1_0.collegeAddress,c1_0.collegeName from College c1_0
Hibernate: select s1_0.college_id,s1_0.studentRoll,s1_0.email,s1_0.mobileNumber,s1_0.status,s1_0.studentName from Student s1_0 where s1_0.college_id=?
Hibernate: select s1_0.college_id,s1_0.studentRoll,s1_0.email,s1_0.mobileNumber,s1_0.status,s1_0.studentName from Student s1_0 where s1_0.college_id=?
Hibernate: select s1_0.college_id,s1_0.studentRoll,s1_0.email,s1_0.mobileNumber,s1_0.status,s1_0.studentName from Student s1_0 where s1_0.college_id=?
Hibernate: select c1_0.collegeId,c1_0.collegeAddress,c1_0.collegeName from College c1_0
Hibernate: select s1_0.college_id,s1_0.studentRoll,s1_0.email,s1_0.mobileNumber,s1_0.status,s1_0.studentName from Student s1_0 where s1_0.college_id=?
Hibernate: select s1_0.college_id,s1_0.studentRoll,s1_0.email,s1_0.mobileNumber,s1_0.status,s1_0.studentName from Student s1_0 where s1_0.college_id=?
Hibernate: select s1_0.college_id,s1_0.studentRoll,s1_0.email,s1_0.mobileNumber,s1_0.status,s1_0.studentName from Student s1_0 where s1_0.college_id=?
[College [collegeId=5, collegeName=DYP, collegeAddress=Pune, students=[]], College [collegeId=6, collegeName=MIT, collegeAddress=Mumbai, students=[]], College [collegeId=7, collegeName=SVIT, collegeAddress=Pune, students=[]]]
]]></system-out>
  </testcase>
  <testcase name="getAllCollegeException" classname="TestCases" time="0.039">
    <failure message="Multiple Failures (1 failure)&#10;	org.opentest4j.AssertionFailedError: getAllCollege method is not throwing exception even non of the college is in database ==&gt; Expected exceptions.CollegeException to be thrown, but nothing was thrown." type="org.opentest4j.MultipleFailuresError">org.opentest4j.MultipleFailuresError: 
Multiple Failures (1 failure)
	org.opentest4j.AssertionFailedError: getAllCollege method is not throwing exception even non of the college is in database ==> Expected exceptions.CollegeException to be thrown, but nothing was thrown.
	at TestCases.getAllCollegeException(TestCases.java:169)
</failure>
    <system-out><![CDATA[Hibernate: delete from Student
Hibernate: delete from College
Hibernate: select c1_0.collegeId,c1_0.collegeAddress,c1_0.collegeName from College c1_0
[]
]]></system-out>
  </testcase>
  <testcase name="registerStudentToCollege" classname="TestCases" time="0.008">
    <failure message="Multiple Failures (1 failure)&#10;	java.lang.NullPointerException: Cannot invoke &quot;Object.getClass()&quot; because &quot;obj&quot; is null" type="org.opentest4j.MultipleFailuresError">org.opentest4j.MultipleFailuresError: 
Multiple Failures (1 failure)
	java.lang.NullPointerException: Cannot invoke "Object.getClass()" because "obj" is null
	at TestCases.registerStudentToCollege(TestCases.java:194)
</failure>
    <system-out><![CDATA[Hibernate: insert into Student (college_id, email, mobileNumber, status, studentName) values (?, ?, ?, ?, ?)
Hibernate: insert into College (collegeAddress, collegeName) values (?, ?)
]]></system-out>
  </testcase>
  <testcase name="registerStudentToCollegeException" classname="TestCases" time="0.019">
    <failure message="Multiple Failures (1 failure)&#10;	org.opentest4j.AssertionFailedError: method is not throwing exception, even when we are passing null objects while getting an college ==&gt; Expected exceptions.CollegeException to be thrown, but nothing was thrown." type="org.opentest4j.MultipleFailuresError">org.opentest4j.MultipleFailuresError: 
Multiple Failures (1 failure)
	org.opentest4j.AssertionFailedError: method is not throwing exception, even when we are passing null objects while getting an college ==> Expected exceptions.CollegeException to be thrown, but nothing was thrown.
	at TestCases.registerStudentToCollegeException(TestCases.java:211)
</failure>
    <system-out><![CDATA[Hibernate: insert into Student (college_id, email, mobileNumber, status, studentName) values (?, ?, ?, ?, ?)
Hibernate: insert into College (collegeAddress, collegeName) values (?, ?)
]]></system-out>
  </testcase>
  <testcase name="getAllStudentsFromCollegeId" classname="TestCases" time="0.062">
    <failure message="Multiple Failures (1 failure)&#10;	java.lang.IllegalArgumentException: org.hibernate.query.SemanticException: A query exception occurred [select * from College c inner join student s on s.studentRoll= c.CollegeId]" type="org.opentest4j.MultipleFailuresError">org.opentest4j.MultipleFailuresError: 
Multiple Failures (1 failure)
	java.lang.IllegalArgumentException: org.hibernate.query.SemanticException: A query exception occurred [select * from College c inner join student s on s.studentRoll= c.CollegeId]
	at TestCases.getAllStudentsFromCollegeId(TestCases.java:245)
</failure>
    <system-out><![CDATA[Hibernate: delete from Student
Hibernate: delete from College
Hibernate: insert into College (collegeAddress, collegeName) values (?, ?)
Hibernate: insert into Student (college_id, email, mobileNumber, status, studentName) values (?, ?, ?, ?, ?)
Hibernate: insert into Student (college_id, email, mobileNumber, status, studentName) values (?, ?, ?, ?, ?)
]]></system-out>
  </testcase>
  <testcase name="getAllStudentsFromCollegeIdException" classname="TestCases" time="0.02">
    <failure message="Multiple Failures (1 failure)&#10;	org.opentest4j.AssertionFailedError: getAllStudentsFromCollegeId method is not throwing exception even non of the student register to the college ==&gt; Unexpected exception type thrown, expected: &lt;exceptions.StudentException&gt; but was: &lt;java.lang.IllegalArgumentException&gt;" type="org.opentest4j.MultipleFailuresError"><![CDATA[org.opentest4j.MultipleFailuresError: 
Multiple Failures (1 failure)
	org.opentest4j.AssertionFailedError: getAllStudentsFromCollegeId method is not throwing exception even non of the student register to the college ==> Unexpected exception type thrown, expected: <exceptions.StudentException> but was: <java.lang.IllegalArgumentException>
	at TestCases.getAllStudentsFromCollegeIdException(TestCases.java:272)
]]></failure>
    <system-out><![CDATA[Hibernate: delete from Student
Hibernate: delete from College
Hibernate: insert into College (collegeAddress, collegeName) values (?, ?)
]]></system-out>
  </testcase>
  <testcase name="registerStudent" classname="TestCases" time="0.002">
    <failure message="Multiple Failures (1 failure)&#10;	org.opentest4j.AssertionFailedError: registerStudent method is returning a null value of student object" type="org.opentest4j.MultipleFailuresError">org.opentest4j.MultipleFailuresError: 
Multiple Failures (1 failure)
	org.opentest4j.AssertionFailedError: registerStudent method is returning a null value of student object
	at TestCases.registerStudent(TestCases.java:304)
</failure>
  </testcase>
  <testcase name="registerStudentException" classname="TestCases" time="0.006">
    <failure message="Multiple Failures (1 failure)&#10;	org.opentest4j.AssertionFailedError: method is not throwing exception, even when we are passing null objects while adding an college ==&gt; Unexpected exception type thrown, expected: &lt;exceptions.CollegeException&gt; but was: &lt;java.lang.NullPointerException&gt;" type="org.opentest4j.MultipleFailuresError"><![CDATA[org.opentest4j.MultipleFailuresError: 
Multiple Failures (1 failure)
	org.opentest4j.AssertionFailedError: method is not throwing exception, even when we are passing null objects while adding an college ==> Unexpected exception type thrown, expected: <exceptions.CollegeException> but was: <java.lang.NullPointerException>
	at TestCases.registerStudentException(TestCases.java:329)
]]></failure>
  </testcase>
  <testcase name="getStudentFromCollegeId" classname="TestCases" time="0.019">
    <failure message="Multiple Failures (1 failure)&#10;	java.lang.NullPointerException: Cannot invoke &quot;Object.getClass()&quot; because &quot;obj&quot; is null" type="org.opentest4j.MultipleFailuresError">org.opentest4j.MultipleFailuresError: 
Multiple Failures (1 failure)
	java.lang.NullPointerException: Cannot invoke "Object.getClass()" because "obj" is null
	at TestCases.getStudentFromCollegeId(TestCases.java:350)
</failure>
    <system-out><![CDATA[Hibernate: insert into Student (college_id, email, mobileNumber, status, studentName) values (?, ?, ?, ?, ?)
]]></system-out>
  </testcase>
  <testcase name="getStudentFromCollegeIdException" classname="TestCases" time="0.014">
    <failure message="Multiple Failures (1 failure)&#10;	org.opentest4j.AssertionFailedError: method is not throwing Exception when unknown StudentId/roll pass ==&gt; Expected exceptions.StudentException to be thrown, but nothing was thrown." type="org.opentest4j.MultipleFailuresError">org.opentest4j.MultipleFailuresError: 
Multiple Failures (1 failure)
	org.opentest4j.AssertionFailedError: method is not throwing Exception when unknown StudentId/roll pass ==> Expected exceptions.StudentException to be thrown, but nothing was thrown.
	at TestCases.getStudentFromCollegeIdException(TestCases.java:371)
</failure>
    <system-out><![CDATA[Hibernate: insert into Student (college_id, email, mobileNumber, status, studentName) values (?, ?, ?, ?, ?)
]]></system-out>
  </testcase>
  <testcase name="getAllActiveStudents" classname="TestCases" time="0.028">
    <failure message="Multiple Failures (1 failure)&#10;	java.lang.NullPointerException: Cannot invoke &quot;java.util.List.get(int)&quot; because &quot;students&quot; is null" type="org.opentest4j.MultipleFailuresError">org.opentest4j.MultipleFailuresError: 
Multiple Failures (1 failure)
	java.lang.NullPointerException: Cannot invoke "java.util.List.get(int)" because "students" is null
	at TestCases.getAllActiveStudents(TestCases.java:399)
</failure>
    <system-out><![CDATA[Hibernate: delete from Student
Hibernate: delete from College
Hibernate: insert into College (collegeAddress, collegeName) values (?, ?)
Hibernate: insert into Student (college_id, email, mobileNumber, status, studentName) values (?, ?, ?, ?, ?)
Hibernate: insert into Student (college_id, email, mobileNumber, status, studentName) values (?, ?, ?, ?, ?)
]]></system-out>
  </testcase>
  <testcase name="getAllActiveStudentsException" classname="TestCases" time="0.017">
    <failure message="Multiple Failures (1 failure)&#10;	org.opentest4j.AssertionFailedError: getAllActiveStudents method is not throwing exception even non of the student register ==&gt; Expected exceptions.StudentException to be thrown, but nothing was thrown." type="org.opentest4j.MultipleFailuresError">org.opentest4j.MultipleFailuresError: 
Multiple Failures (1 failure)
	org.opentest4j.AssertionFailedError: getAllActiveStudents method is not throwing exception even non of the student register ==> Expected exceptions.StudentException to be thrown, but nothing was thrown.
	at TestCases.getAllActiveStudentsException(TestCases.java:429)
</failure>
    <system-out><![CDATA[Hibernate: delete from Student
Hibernate: delete from College
]]></system-out>
  </testcase>
  <testcase name="getCollegeFromStudentId" classname="TestCases" time="0.035">
    <failure message="Multiple Failures (1 failure)&#10;	java.lang.NullPointerException: Cannot invoke &quot;Object.getClass()&quot; because &quot;obj&quot; is null" type="org.opentest4j.MultipleFailuresError">org.opentest4j.MultipleFailuresError: 
Multiple Failures (1 failure)
	java.lang.NullPointerException: Cannot invoke "Object.getClass()" because "obj" is null
	at TestCases.getCollegeFromStudentId(TestCases.java:454)
</failure>
    <system-out><![CDATA[Hibernate: delete from Student
Hibernate: delete from College
Hibernate: insert into College (collegeAddress, collegeName) values (?, ?)
Hibernate: insert into Student (college_id, email, mobileNumber, status, studentName) values (?, ?, ?, ?, ?)
Hibernate: insert into Student (college_id, email, mobileNumber, status, studentName) values (?, ?, ?, ?, ?)
]]></system-out>
  </testcase>
  <testcase name="getCollegeFromStudentIdsException" classname="TestCases" time="0.032">
    <failure message="Multiple Failures (1 failure)&#10;	org.opentest4j.AssertionFailedError: getCollegeFromStudentIdsException method is not throwing Exception when unknown StudentId/roll pass ==&gt; Expected exceptions.StudentException to be thrown, but nothing was thrown." type="org.opentest4j.MultipleFailuresError">org.opentest4j.MultipleFailuresError: 
Multiple Failures (1 failure)
	org.opentest4j.AssertionFailedError: getCollegeFromStudentIdsException method is not throwing Exception when unknown StudentId/roll pass ==> Expected exceptions.StudentException to be thrown, but nothing was thrown.
	at TestCases.getCollegeFromStudentIdsException(TestCases.java:477)
</failure>
    <system-out><![CDATA[Hibernate: delete from Student
Hibernate: delete from College
]]></system-out>
  </testcase>
  <testcase name="buildScore" classname="TestCases" time="0"/>
</testsuite>